[debug] [2025-07-24T18:41:50.133Z] ----------------------------------------------------------------------
[debug] [2025-07-24T18:41:50.135Z] Command:       /opt/homebrew/Cellar/node/24.3.0/bin/node /opt/homebrew/bin/firebase init functions
[debug] [2025-07-24T18:41:50.135Z] CLI Version:   14.11.1
[debug] [2025-07-24T18:41:50.135Z] Platform:      darwin
[debug] [2025-07-24T18:41:50.135Z] Node Version:  v24.3.0
[debug] [2025-07-24T18:41:50.135Z] Time:          Fri Jul 25 2025 00:11:50 GMT+0530 (India Standard Time)
[debug] [2025-07-24T18:41:50.135Z] ----------------------------------------------------------------------
[debug] 
[debug] [2025-07-24T18:41:50.136Z] > command requires scopes: ["email","openid","https://www.googleapis.com/auth/cloudplatformprojects.readonly","https://www.googleapis.com/auth/firebase","https://www.googleapis.com/auth/cloud-platform"]
[debug] [2025-07-24T18:41:50.137Z] > authorizing via signed-in user (bommireddynishant@gmail.com)
[info] 
     ######## #### ########  ######## ########     ###     ######  ########
     ##        ##  ##     ## ##       ##     ##  ##   ##  ##       ##
     ######    ##  ########  ######   ########  #########  ######  ######
     ##        ##  ##    ##  ##       ##     ## ##     ##       ## ##
     ##       #### ##     ## ######## ########  ##     ##  ######  ########

You're about to initialize a Firebase project in this directory:

  /Users/nishant/Downloads/sb1-3emhmtem

[info] 
=== Project Setup
[info] 
[info] First, let's associate this project directory with a Firebase project.
[info] You can create multiple project aliases by running firebase use --add, 
[info] but for now we'll just set up a default project.
[info] 
[debug] [2025-07-24T18:41:52.650Z] Checked if tokens are valid: true, expires at: 1753386102140
[debug] [2025-07-24T18:41:52.650Z] Checked if tokens are valid: true, expires at: 1753386102140
[debug] [2025-07-24T18:41:52.651Z] >>> [apiv2][query] GET https://firebase.googleapis.com/v1beta1/projects pageSize=100
[debug] [2025-07-24T18:41:53.314Z] <<< [apiv2][status] GET https://firebase.googleapis.com/v1beta1/projects 200
[debug] [2025-07-24T18:41:53.314Z] <<< [apiv2][body] GET https://firebase.googleapis.com/v1beta1/projects [omitted]
[debug] [2025-07-24T18:42:19.778Z] ExitPromptError: User force closed the prompt with SIGINT
    at Interface.sigint (/opt/homebrew/lib/node_modules/firebase-tools/node_modules/@inquirer/core/dist/commonjs/lib/create-prompt.js:101:37)
    at Interface.emit (node:events:507:28)
    at Interface.emit (node:domain:489:12)
    at [_ttyWrite] [as _ttyWrite] (node:internal/readline/interface:1315:18)
    at ReadStream.onkeypress (node:internal/readline/interface:284:20)
    at ReadStream.emit (node:events:519:35)
    at ReadStream.emit (node:domain:489:12)
    at emitKeys (node:internal/readline/utils:371:14)
    at emitKeys.next (<anonymous>)
    at ReadStream.onData (node:internal/readline/emitKeypressEvents:64:36)
[error] 
[error] Error: An unexpected error has occurred.
[debug] [2025-07-24T18:42:22.554Z] ----------------------------------------------------------------------
[debug] [2025-07-24T18:42:22.555Z] Command:       /opt/homebrew/Cellar/node/24.3.0/bin/node /opt/homebrew/bin/firebase init functions
[debug] [2025-07-24T18:42:22.555Z] CLI Version:   14.11.1
[debug] [2025-07-24T18:42:22.555Z] Platform:      darwin
[debug] [2025-07-24T18:42:22.555Z] Node Version:  v24.3.0
[debug] [2025-07-24T18:42:22.555Z] Time:          Fri Jul 25 2025 00:12:22 GMT+0530 (India Standard Time)
[debug] [2025-07-24T18:42:22.555Z] ----------------------------------------------------------------------
[debug] 
[debug] [2025-07-24T18:42:22.557Z] > command requires scopes: ["email","openid","https://www.googleapis.com/auth/cloudplatformprojects.readonly","https://www.googleapis.com/auth/firebase","https://www.googleapis.com/auth/cloud-platform"]
[debug] [2025-07-24T18:42:22.557Z] > authorizing via signed-in user (bommireddynishant@gmail.com)
[info] 
     ######## #### ########  ######## ########     ###     ######  ########
     ##        ##  ##     ## ##       ##     ##  ##   ##  ##       ##
     ######    ##  ########  ######   ########  #########  ######  ######
     ##        ##  ##    ##  ##       ##     ## ##     ##       ## ##
     ##       #### ##     ## ######## ########  ##     ##  ######  ########

You're about to initialize a Firebase project in this directory:

  /Users/nishant/Downloads/sb1-3emhmtem

[info] 
=== Project Setup
[info] 
[info] First, let's associate this project directory with a Firebase project.
[info] You can create multiple project aliases by running firebase use --add, 
[info] but for now we'll just set up a default project.
[info] 
[debug] [2025-07-24T18:42:32.455Z] Checked if tokens are valid: true, expires at: 1753386102140
[debug] [2025-07-24T18:42:32.455Z] Checked if tokens are valid: true, expires at: 1753386102140
[debug] [2025-07-24T18:42:32.456Z] >>> [apiv2][query] GET https://firebase.googleapis.com/v1beta1/projects pageSize=100
[debug] [2025-07-24T18:42:33.413Z] <<< [apiv2][status] GET https://firebase.googleapis.com/v1beta1/projects 200
[debug] [2025-07-24T18:42:33.413Z] <<< [apiv2][body] GET https://firebase.googleapis.com/v1beta1/projects [omitted]
[debug] [2025-07-24T18:43:18.887Z] ExitPromptError: User force closed the prompt with SIGINT
    at Interface.sigint (/opt/homebrew/lib/node_modules/firebase-tools/node_modules/@inquirer/core/dist/commonjs/lib/create-prompt.js:101:37)
    at Interface.emit (node:events:507:28)
    at Interface.emit (node:domain:489:12)
    at [_ttyWrite] [as _ttyWrite] (node:internal/readline/interface:1315:18)
    at ReadStream.onkeypress (node:internal/readline/interface:284:20)
    at ReadStream.emit (node:events:519:35)
    at ReadStream.emit (node:domain:489:12)
    at emitKeys (node:internal/readline/utils:371:14)
    at emitKeys.next (<anonymous>)
    at ReadStream.onData (node:internal/readline/emitKeypressEvents:64:36)
[error] 
[error] Error: An unexpected error has occurred.
